#
# A fatal error has been detected by the Java Runtime Environment:
#
#  EXCEPTION_ACCESS_VIOLATION (0xc0000005) at pc=0x00007ffc36953ed2, pid=15580, tid=16344
#
# JRE version: Java(TM) SE Runtime Environment (11.0.6+8) (build 11.0.6+8-LTS)
# Java VM: Java HotSpot(TM) 64-Bit Server VM (11.0.6+8-LTS, mixed mode, tiered, compressed oops, g1 gc, windows-amd64)
# Problematic frame:
# V  [jvm.dll+0x663ed2]
#
# No core dump will be written. Minidumps are not enabled by default on client versions of Windows
#
# If you would like to submit a bug report, please visit:
#   http://bugreport.java.com/bugreport/crash.jsp
#

---------------  S U M M A R Y ------------

Command Line: --module-path=C:\Games\javafx-sdk-15.0.1\lib --add-modules=javafx.controls,javafx.media alpha.Main

Host: Intel(R) Core(TM) i5-8300H CPU @ 2.30GHz, 8 cores, 7G,  Windows 10 , 64 bit Build 19041 (10.0.19041.662)
Time: Tue Jan 26 09:35:17 2021 Romance Standard Time elapsed time: 8 seconds (0d 0h 0m 8s)

---------------  T H R E A D  ---------------

Current thread (0x000001fa7f4f7800):  JavaThread "C2 CompilerThread0" daemon [_thread_in_native, id=16344, stack(0x000000798a700000,0x000000798a800000)]


Current CompileTask:
C2:   8766 2802       4       javafx.scene.Node::setScenes (75 bytes)

Stack: [0x000000798a700000,0x000000798a800000],  sp=0x000000798a7fc150,  free space=1008k
Native frames: (J=compiled Java code, j=interpreted, Vv=VM code, C=native code)
V  [jvm.dll+0x663ed2]
V  [jvm.dll+0x665a4e]
V  [jvm.dll+0x352d9a]
V  [jvm.dll+0x64b02e]
V  [jvm.dll+0x6493d5]
V  [jvm.dll+0x19660c]
V  [jvm.dll+0x2ce3d6]
V  [jvm.dll+0x654eb8]
V  [jvm.dll+0x64c4db]
V  [jvm.dll+0x64baf2]
V  [jvm.dll+0x649717]
V  [jvm.dll+0x19660c]
V  [jvm.dll+0x2ce3d6]
V  [jvm.dll+0x654eb8]
V  [jvm.dll+0x64c4db]
V  [jvm.dll+0x64baf2]
V  [jvm.dll+0x649717]
V  [jvm.dll+0x19660c]
V  [jvm.dll+0x2ce3d6]
V  [jvm.dll+0x654eb8]
V  [jvm.dll+0x64c4db]
V  [jvm.dll+0x64baf2]
V  [jvm.dll+0x649717]
V  [jvm.dll+0x19660c]
V  [jvm.dll+0x2ce3d6]
V  [jvm.dll+0x654eb8]
V  [jvm.dll+0x64c4db]
V  [jvm.dll+0x64baf2]
V  [jvm.dll+0x649717]
V  [jvm.dll+0x19660c]
V  [jvm.dll+0x21719b]
V  [jvm.dll+0x193a2c]
V  [jvm.dll+0x226544]
V  [jvm.dll+0x224b28]
V  [jvm.dll+0x73a9c5]
V  [jvm.dll+0x733905]
V  [jvm.dll+0x635846]
C  [ucrtbase.dll+0x214c2]
C  [KERNEL32.DLL+0x17034]
C  [ntdll.dll+0x4d0d1]


siginfo: EXCEPTION_ACCESS_VIOLATION (0xc0000005), reading address 0x0000000000004000


Register to memory mapping:

RIP=0x00007ffc36953ed2 jvm.dll
RAX=0x0000000000000324 is an unknown value
RBX=0x000000798a7fe2f8 is pointing into the stack for thread: 0x000001fa7f4f7800
RCX=0x0000000000000258 is an unknown value
RDX=0x0 is NULL
RSP=0x000000798a7fc150 is pointing into the stack for thread: 0x000001fa7f4f7800
RBP=0x0000000000000cda is an unknown value
RSI=
[error occurred during error reporting (printing register info), id 0xc0000005, EXCEPTION_ACCESS_VIOLATION (0xc0000005) at pc=0x00007ffc365e2f56]

Registers:
RAX=0x0000000000000324, RBX=0x000000798a7fe2f8, RCX=0x0000000000000258, RDX=0x0000000000000000
RSP=0x000000798a7fc150, RBP=0x0000000000000cda, RSI=0x000000009adea324, RDI=0x0000000000004000
R8 =0x000001fa1706c060, R9 =0x000001fa16775ab0, R10=0x0000000000000325, R11=0x0000000000001fff
R12=0x00000000000007ce, R13=0x000000000000014d, R14=0x000001fa15de6068, R15=0x0000000000001000
RIP=0x00007ffc36953ed2, EFLAGS=0x0000000000010287

Top of Stack: (sp=0x000000798a7fc150)
0x000000798a7fc150:   000000798a7fe2f8 0000000018f0f314
0x000000798a7fc160:   0000000000010000 000000798a7fc2a0
0x000000798a7fc170:   00000000000007ce 0000000000000002
0x000000798a7fc180:   000001fa15fe6028 00007ffc36955a4e
0x000000798a7fc190:   000000798a7fe2f8 000000000000001f
0x000000798a7fc1a0:   0000000000000000 000001fa15fe5fe0
0x000000798a7fc1b0:   000000000000000c 000001fa15fe5fe0
0x000000798a7fc1c0:   000000798a7fc2a0 0000000000000000
0x000000798a7fc1d0:   000001fa15fe6028 00007ffc36642d9a
0x000000798a7fc1e0:   000001fa0000001f 0000000000000009
0x000000798a7fc1f0:   0000000000000000 000001fa15fe5a38
0x000000798a7fc200:   0000000000000000 00007ffc36a38c69
0x000000798a7fc210:   000001fa17681470 0000000000000000
0x000000798a7fc220:   000001fa1769b0f4 0000000000000000
0x000000798a7fc230:   000001fa15fe5a38 00007ffc36a3922d
0x000000798a7fc240:   0000000000000009 00000000000000f8 

Instructions: (pc=0x00007ffc36953ed2)
0x00007ffc36953eb2:   00 00 48 89 6c 24 40 49 8b ef 0f 1f 40 00 49 8b
0x00007ffc36953ec2:   3e 4d 8d 76 08 48 85 ff 74 64 48 3b 7b 20 74 5e
0x00007ffc36953ed2:   48 8b 07 48 8b cf ff 50 58 8b f0 85 c0 74 4f ff
0x00007ffc36953ee2:   43 0c 8b 4b 0c 3b 4b 10 75 08 48 8b cb e8 1c ff 


Stack slot to memory mapping:
stack at sp + 0 slots: 0x000000798a7fe2f8 is pointing into the stack for thread: 0x000001fa7f4f7800
stack at sp + 1 slots: 0x0000000018f0f314 is an unknown value
stack at sp + 2 slots: 0x0000000000010000 is an unknown value
stack at sp + 3 slots: 0x000000798a7fc2a0 is pointing into the stack for thread: 0x000001fa7f4f7800
stack at sp + 4 slots: 0x00000000000007ce is an unknown value
stack at sp + 5 slots: 0x0000000000000002 is an unknown value
stack at sp + 6 slots: 0x000001fa15fe6028 points into unknown readable memory: e0 31 b3 36 fc 7f 00 00
stack at sp + 7 slots: 0x00007ffc36955a4e jvm.dll


---------------  P R O C E S S  ---------------

Threads class SMR info:
_java_thread_list=0x000001fa17521de0, length=17, elements={
0x000001fa73844800, 0x000001fa7f4cf800, 0x000001fa7f4d9000, 0x000001fa7f4f3800,
0x000001fa7f4f4000, 0x000001fa7f4f7800, 0x000001fa7f4fa800, 0x000001fa7f4fb800,
0x000001fa1509c000, 0x000001fa159c7800, 0x000001fa15d26800, 0x000001fa16a54000,
0x000001fa15ade000, 0x000001fa15185800, 0x000001fa171e2800, 0x000001fa171dc000,
0x000001fa17529800
}

Java Threads: ( => current thread )
  0x000001fa73844800 JavaThread "main" [_thread_blocked, id=7708, stack(0x0000007989c00000,0x0000007989d00000)]
  0x000001fa7f4cf800 JavaThread "Reference Handler" daemon [_thread_blocked, id=10452, stack(0x000000798a300000,0x000000798a400000)]
  0x000001fa7f4d9000 JavaThread "Finalizer" daemon [_thread_blocked, id=10768, stack(0x000000798a400000,0x000000798a500000)]
  0x000001fa7f4f3800 JavaThread "Signal Dispatcher" daemon [_thread_blocked, id=14700, stack(0x000000798a500000,0x000000798a600000)]
  0x000001fa7f4f4000 JavaThread "Attach Listener" daemon [_thread_blocked, id=14524, stack(0x000000798a600000,0x000000798a700000)]
=>0x000001fa7f4f7800 JavaThread "C2 CompilerThread0" daemon [_thread_in_native, id=16344, stack(0x000000798a700000,0x000000798a800000)]
  0x000001fa7f4fa800 JavaThread "C1 CompilerThread0" daemon [_thread_blocked, id=3664, stack(0x000000798a800000,0x000000798a900000)]
  0x000001fa7f4fb800 JavaThread "Sweeper thread" daemon [_thread_blocked, id=11420, stack(0x000000798a900000,0x000000798aa00000)]
  0x000001fa1509c000 JavaThread "Common-Cleaner" daemon [_thread_blocked, id=15436, stack(0x000000798aa00000,0x000000798ab00000)]
  0x000001fa159c7800 JavaThread "Service Thread" daemon [_thread_blocked, id=16012, stack(0x000000798ad00000,0x000000798ae00000)]
  0x000001fa15d26800 JavaThread "QuantumRenderer-0" daemon [_thread_in_vm, id=12628, stack(0x000000798af00000,0x000000798b000000)]
  0x000001fa16a54000 JavaThread "InvokeLaterDispatcher" daemon [_thread_blocked, id=6540, stack(0x000000798b100000,0x000000798b200000)]
  0x000001fa15ade000 JavaThread "JavaFX Application Thread" [_thread_in_Java, id=8112, stack(0x000000798b200000,0x000000798b300000)]
  0x000001fa15185800 JavaThread "Thread-1" daemon [_thread_in_native, id=3052, stack(0x000000798ab00000,0x000000798ac00000)]
  0x000001fa171e2800 JavaThread "Timer-0" [_thread_blocked, id=3296, stack(0x000000798ac00000,0x000000798ad00000)]
  0x000001fa171dc000 JavaThread "JavaFX-Launcher" [_thread_blocked, id=11700, stack(0x000000798b500000,0x000000798b600000)]
  0x000001fa17529800 JavaThread "Prism Font Disposer" daemon [_thread_blocked, id=8500, stack(0x000000798bd00000,0x000000798be00000)]

Other Threads:
  0x000001fa7f4ab000 VMThread "VM Thread" [stack: 0x000000798a200000,0x000000798a300000] [id=408]
  0x000001fa15182000 WatcherThread [stack: 0x000000798ae00000,0x000000798af00000] [id=10520]
  0x000001fa7385c000 GCTaskThread "GC Thread#0" [stack: 0x0000007989d00000,0x0000007989e00000] [id=8540]
  0x000001fa17232800 GCTaskThread "GC Thread#1" [stack: 0x000000798b600000,0x000000798b700000] [id=9972]
  0x000001fa17233800 GCTaskThread "GC Thread#2" [stack: 0x000000798b700000,0x000000798b800000] [id=14912]
  0x000001fa17236000 GCTaskThread "GC Thread#3" [stack: 0x000000798b800000,0x000000798b900000] [id=15160]
  0x000001fa17237000 GCTaskThread "GC Thread#4" [stack: 0x000000798b900000,0x000000798ba00000] [id=1608]
  0x000001fa174be800 GCTaskThread "GC Thread#5" [stack: 0x000000798ba00000,0x000000798bb00000] [id=14176]
  0x000001fa174c9800 GCTaskThread "GC Thread#6" [stack: 0x000000798bb00000,0x000000798bc00000] [id=16076]
  0x000001fa174ca000 GCTaskThread "GC Thread#7" [stack: 0x000000798bc00000,0x000000798bd00000] [id=600]
  0x000001fa7388b800 ConcurrentGCThread "G1 Main Marker" [stack: 0x0000007989e00000,0x0000007989f00000] [id=4876]
  0x000001fa7388d000 ConcurrentGCThread "G1 Conc#0" [stack: 0x0000007989f00000,0x000000798a000000] [id=10908]
  0x000001fa7f320800 ConcurrentGCThread "G1 Refine#0" [stack: 0x000000798a000000,0x000000798a100000] [id=16328]
  0x000001fa7f321800 ConcurrentGCThread "G1 Young RemSet Sampling" [stack: 0x000000798a100000,0x000000798a200000] [id=15412]

Threads with active compile tasks:
C2 CompilerThread02802       4       javafx.scene.Node::setScenes (75 bytes)

VM state:not at safepoint (normal execution)

VM Mutex/Monitor currently owned by a thread: None

Heap address: 0x0000000082600000, size: 2010 MB, Compressed Oops mode: 32-bit
Narrow klass base: 0x0000000000000000, Narrow klass shift: 3
Compressed class space size: 1073741824 Address: 0x0000000100000000

Heap:
 garbage-first heap   total 129024K, used 35101K [0x0000000082600000, 0x0000000100000000)
  region size 1024K, 35 young (35840K), 3 survivors (3072K)
 Metaspace       used 17740K, capacity 18233K, committed 18432K, reserved 1064960K
  class space    used 2027K, capacity 2237K, committed 2304K, reserved 1048576K
Heap Regions: E=young(eden), S=young(survivor), O=old, HS=humongous(starts), HC=humongous(continues), CS=collection set, F=free, A=archive, TAMS=top-at-mark-start (previous, next)
|   0|0x0000000082600000, 0x0000000082647400, 0x0000000082700000| 27%| O|  |TAMS 0x0000000082600000, 0x0000000082600000| Untracked 
|   1|0x0000000082700000, 0x0000000082700000, 0x0000000082800000|  0%| F|  |TAMS 0x0000000082700000, 0x0000000082700000| Untracked 
|   2|0x0000000082800000, 0x0000000082800000, 0x0000000082900000|  0%| F|  |TAMS 0x0000000082800000, 0x0000000082800000| Untracked 
|   3|0x0000000082900000, 0x0000000082900000, 0x0000000082a00000|  0%| F|  |TAMS 0x0000000082900000, 0x0000000082900000| Untracked 
|   4|0x0000000082a00000, 0x0000000082a00000, 0x0000000082b00000|  0%| F|  |TAMS 0x0000000082a00000, 0x0000000082a00000| Untracked 
|   5|0x0000000082b00000, 0x0000000082b00000, 0x0000000082c00000|  0%| F|  |TAMS 0x0000000082b00000, 0x0000000082b00000| Untracked 
|   6|0x0000000082c00000, 0x0000000082c00000, 0x0000000082d00000|  0%| F|  |TAMS 0x0000000082c00000, 0x0000000082c00000| Untracked 
|   7|0x0000000082d00000, 0x0000000082d00000, 0x0000000082e00000|  0%| F|  |TAMS 0x0000000082d00000, 0x0000000082d00000| Untracked 
|   8|0x0000000082e00000, 0x0000000082e00000, 0x0000000082f00000|  0%| F|  |TAMS 0x0000000082e00000, 0x0000000082e00000| Untracked 
|   9|0x0000000082f00000, 0x0000000082f00000, 0x0000000083000000|  0%| F|  |TAMS 0x0000000082f00000, 0x0000000082f00000| Untracked 
|  10|0x0000000083000000, 0x0000000083000000, 0x0000000083100000|  0%| F|  |TAMS 0x0000000083000000, 0x0000000083000000| Untracked 
|  11|0x0000000083100000, 0x0000000083100000, 0x0000000083200000|  0%| F|  |TAMS 0x0000000083100000, 0x0000000083100000| Untracked 
|  12|0x0000000083200000, 0x0000000083200000, 0x0000000083300000|  0%| F|  |TAMS 0x0000000083200000, 0x0000000083200000| Untracked 
|  13|0x0000000083300000, 0x0000000083300000, 0x0000000083400000|  0%| F|  |TAMS 0x0000000083300000, 0x0000000083300000| Untracked 
|  14|0x0000000083400000, 0x0000000083400000, 0x0000000083500000|  0%| F|  |TAMS 0x0000000083400000, 0x0000000083400000| Untracked 
|  15|0x0000000083500000, 0x0000000083500000, 0x0000000083600000|  0%| F|  |TAMS 0x0000000083500000, 0x0000000083500000| Untracked 
|  16|0x0000000083600000, 0x0000000083600000, 0x0000000083700000|  0%| F|  |TAMS 0x0000000083600000, 0x0000000083600000| Untracked 
|  17|0x0000000083700000, 0x0000000083700000, 0x0000000083800000|  0%| F|  |TAMS 0x0000000083700000, 0x0000000083700000| Untracked 
|  18|0x0000000083800000, 0x0000000083800000, 0x0000000083900000|  0%| F|  |TAMS 0x0000000083800000, 0x0000000083800000| Untracked 
|  19|0x0000000083900000, 0x0000000083900000, 0x0000000083a00000|  0%| F|  |TAMS 0x0000000083900000, 0x0000000083900000| Untracked 
|  20|0x0000000083a00000, 0x0000000083a00000, 0x0000000083b00000|  0%| F|  |TAMS 0x0000000083a00000, 0x0000000083a00000| Untracked 
|  21|0x0000000083b00000, 0x0000000083b00000, 0x0000000083c00000|  0%| F|  |TAMS 0x0000000083b00000, 0x0000000083b00000| Untracked 
|  22|0x0000000083c00000, 0x0000000083c00000, 0x0000000083d00000|  0%| F|  |TAMS 0x0000000083c00000, 0x0000000083c00000| Untracked 
|  23|0x0000000083d00000, 0x0000000083d00000, 0x0000000083e00000|  0%| F|  |TAMS 0x0000000083d00000, 0x0000000083d00000| Untracked 
|  24|0x0000000083e00000, 0x0000000083e00000, 0x0000000083f00000|  0%| F|  |TAMS 0x0000000083e00000, 0x0000000083e00000| Untracked 
|  25|0x0000000083f00000, 0x0000000083f00000, 0x0000000084000000|  0%| F|  |TAMS 0x0000000083f00000, 0x0000000083f00000| Untracked 
|  26|0x0000000084000000, 0x0000000084000000, 0x0000000084100000|  0%| F|  |TAMS 0x0000000084000000, 0x0000000084000000| Untracked 
|  27|0x0000000084100000, 0x0000000084100000, 0x0000000084200000|  0%| F|  |TAMS 0x0000000084100000, 0x0000000084100000| Untracked 
|  28|0x0000000084200000, 0x0000000084200000, 0x0000000084300000|  0%| F|  |TAMS 0x0000000084200000, 0x0000000084200000| Untracked 
|  29|0x0000000084300000, 0x0000000084300000, 0x0000000084400000|  0%| F|  |TAMS 0x0000000084300000, 0x0000000084300000| Untracked 
|  30|0x0000000084400000, 0x0000000084400000, 0x0000000084500000|  0%| F|  |TAMS 0x0000000084400000, 0x0000000084400000| Untracked 
|  31|0x0000000084500000, 0x0000000084500000, 0x0000000084600000|  0%| F|  |TAMS 0x0000000084500000, 0x0000000084500000| Untracked 
|  32|0x0000000084600000, 0x0000000084600000, 0x0000000084700000|  0%| F|  |TAMS 0x0000000084600000, 0x0000000084600000| Untracked 
|  33|0x0000000084700000, 0x0000000084700000, 0x0000000084800000|  0%| F|  |TAMS 0x0000000084700000, 0x0000000084700000| Untracked 
|  34|0x0000000084800000, 0x0000000084800000, 0x0000000084900000|  0%| F|  |TAMS 0x0000000084800000, 0x0000000084800000| Untracked 
|  35|0x0000000084900000, 0x0000000084900000, 0x0000000084a00000|  0%| F|  |TAMS 0x0000000084900000, 0x0000000084900000| Untracked 
|  36|0x0000000084a00000, 0x0000000084a00000, 0x0000000084b00000|  0%| F|  |TAMS 0x0000000084a00000, 0x0000000084a00000| Untracked 
|  37|0x0000000084b00000, 0x0000000084b00000, 0x0000000084c00000|  0%| F|  |TAMS 0x0000000084b00000, 0x0000000084b00000| Untracked 
|  38|0x0000000084c00000, 0x0000000084c00000, 0x0000000084d00000|  0%| F|  |TAMS 0x0000000084c00000, 0x0000000084c00000| Untracked 
|  39|0x0000000084d00000, 0x0000000084d00000, 0x0000000084e00000|  0%| F|  |TAMS 0x0000000084d00000, 0x0000000084d00000| Untracked 
|  40|0x0000000084e00000, 0x0000000084e00000, 0x0000000084f00000|  0%| F|  |TAMS 0x0000000084e00000, 0x0000000084e00000| Untracked 
|  41|0x0000000084f00000, 0x0000000084f00000, 0x0000000085000000|  0%| F|  |TAMS 0x0000000084f00000, 0x0000000084f00000| Untracked 
|  42|0x0000000085000000, 0x0000000085000000, 0x0000000085100000|  0%| F|  |TAMS 0x0000000085000000, 0x0000000085000000| Untracked 
|  43|0x0000000085100000, 0x0000000085100000, 0x0000000085200000|  0%| F|  |TAMS 0x0000000085100000, 0x0000000085100000| Untracked 
|  44|0x0000000085200000, 0x0000000085200000, 0x0000000085300000|  0%| F|  |TAMS 0x0000000085200000, 0x0000000085200000| Untracked 
|  45|0x0000000085300000, 0x0000000085300000, 0x0000000085400000|  0%| F|  |TAMS 0x0000000085300000, 0x0000000085300000| Untracked 
|  46|0x0000000085400000, 0x0000000085400000, 0x0000000085500000|  0%| F|  |TAMS 0x0000000085400000, 0x0000000085400000| Untracked 
|  47|0x0000000085500000, 0x0000000085500000, 0x0000000085600000|  0%| F|  |TAMS 0x0000000085500000, 0x0000000085500000| Untracked 
|  48|0x0000000085600000, 0x0000000085600000, 0x0000000085700000|  0%| F|  |TAMS 0x0000000085600000, 0x0000000085600000| Untracked 
|  49|0x0000000085700000, 0x0000000085700000, 0x0000000085800000|  0%| F|  |TAMS 0x0000000085700000, 0x0000000085700000| Untracked 
|  50|0x0000000085800000, 0x0000000085800000, 0x0000000085900000|  0%| F|  |TAMS 0x0000000085800000, 0x0000000085800000| Untracked 
|  51|0x0000000085900000, 0x0000000085900000, 0x0000000085a00000|  0%| F|  |TAMS 0x0000000085900000, 0x0000000085900000| Untracked 
|  52|0x0000000085a00000, 0x0000000085a00000, 0x0000000085b00000|  0%| F|  |TAMS 0x0000000085a00000, 0x0000000085a00000| Untracked 
|  53|0x0000000085b00000, 0x0000000085b00000, 0x0000000085c00000|  0%| F|  |TAMS 0x0000000085b00000, 0x0000000085b00000| Untracked 
|  54|0x0000000085c00000, 0x0000000085c00000, 0x0000000085d00000|  0%| F|  |TAMS 0x0000000085c00000, 0x0000000085c00000| Untracked 
|  55|0x0000000085d00000, 0x0000000085d00000, 0x0000000085e00000|  0%| F|  |TAMS 0x0000000085d00000, 0x0000000085d00000| Untracked 
|  56|0x0000000085e00000, 0x0000000085e00000, 0x0000000085f00000|  0%| F|  |TAMS 0x0000000085e00000, 0x0000000085e00000| Untracked 
|  57|0x0000000085f00000, 0x0000000085f00000, 0x0000000086000000|  0%| F|  |TAMS 0x0000000085f00000, 0x0000000085f00000| Untracked 
|  58|0x0000000086000000, 0x0000000086000000, 0x0000000086100000|  0%| F|  |TAMS 0x0000000086000000, 0x0000000086000000| Untracked 
|  59|0x0000000086100000, 0x0000000086100000, 0x0000000086200000|  0%| F|  |TAMS 0x0000000086100000, 0x0000000086100000| Untracked 
|  60|0x0000000086200000, 0x0000000086200000, 0x0000000086300000|  0%| F|  |TAMS 0x0000000086200000, 0x0000000086200000| Untracked 
|  61|0x0000000086300000, 0x0000000086300000, 0x0000000086400000|  0%| F|  |TAMS 0x0000000086300000, 0x0000000086300000| Untracked 
|  62|0x0000000086400000, 0x0000000086400000, 0x0000000086500000|  0%| F|  |TAMS 0x0000000086400000, 0x0000000086400000| Untracked 
|  63|0x0000000086500000, 0x0000000086500000, 0x0000000086600000|  0%| F|  |TAMS 0x0000000086500000, 0x0000000086500000| Untracked 
|  64|0x0000000086600000, 0x0000000086600000, 0x0000000086700000|  0%| F|  |TAMS 0x0000000086600000, 0x0000000086600000| Untracked 
|  65|0x0000000086700000, 0x0000000086700000, 0x0000000086800000|  0%| F|  |TAMS 0x0000000086700000, 0x0000000086700000| Untracked 
|  66|0x0000000086800000, 0x0000000086800000, 0x0000000086900000|  0%| F|  |TAMS 0x0000000086800000, 0x0000000086800000| Untracked 
|  67|0x0000000086900000, 0x0000000086900000, 0x0000000086a00000|  0%| F|  |TAMS 0x0000000086900000, 0x0000000086900000| Untracked 
|  68|0x0000000086a00000, 0x0000000086a00000, 0x0000000086b00000|  0%| F|  |TAMS 0x0000000086a00000, 0x0000000086a00000| Untracked 
|  69|0x0000000086b00000, 0x0000000086b00000, 0x0000000086c00000|  0%| F|  |TAMS 0x0000000086b00000, 0x0000000086b00000| Untracked 
|  70|0x0000000086c00000, 0x0000000086c00000, 0x0000000086d00000|  0%| F|  |TAMS 0x0000000086c00000, 0x0000000086c00000| Untracked 
|  71|0x0000000086d00000, 0x0000000086d00000, 0x0000000086e00000|  0%| F|  |TAMS 0x0000000086d00000, 0x0000000086d00000| Untracked 
|  72|0x0000000086e00000, 0x0000000086e00000, 0x0000000086f00000|  0%| F|  |TAMS 0x0000000086e00000, 0x0000000086e00000| Untracked 
|  73|0x0000000086f00000, 0x0000000086f00000, 0x0000000087000000|  0%| F|  |TAMS 0x0000000086f00000, 0x0000000086f00000| Untracked 
|  74|0x0000000087000000, 0x0000000087000000, 0x0000000087100000|  0%| F|  |TAMS 0x0000000087000000, 0x0000000087000000| Untracked 
|  75|0x0000000087100000, 0x0000000087100000, 0x0000000087200000|  0%| F|  |TAMS 0x0000000087100000, 0x0000000087100000| Untracked 
|  76|0x0000000087200000, 0x0000000087200000, 0x0000000087300000|  0%| F|  |TAMS 0x0000000087200000, 0x0000000087200000| Untracked 
|  77|0x0000000087300000, 0x0000000087300000, 0x0000000087400000|  0%| F|  |TAMS 0x0000000087300000, 0x0000000087300000| Untracked 
|  78|0x0000000087400000, 0x0000000087400000, 0x0000000087500000|  0%| F|  |TAMS 0x0000000087400000, 0x0000000087400000| Untracked 
|  79|0x0000000087500000, 0x0000000087500000, 0x0000000087600000|  0%| F|  |TAMS 0x0000000087500000, 0x0000000087500000| Untracked 
|  80|0x0000000087600000, 0x0000000087600000, 0x0000000087700000|  0%| F|  |TAMS 0x0000000087600000, 0x0000000087600000| Untracked 
|  81|0x0000000087700000, 0x0000000087700000, 0x0000000087800000|  0%| F|  |TAMS 0x0000000087700000, 0x0000000087700000| Untracked 
|  82|0x0000000087800000, 0x0000000087800000, 0x0000000087900000|  0%| F|  |TAMS 0x0000000087800000, 0x0000000087800000| Untracked 
|  83|0x0000000087900000, 0x0000000087900000, 0x0000000087a00000|  0%| F|  |TAMS 0x0000000087900000, 0x0000000087900000| Untracked 
|  84|0x0000000087a00000, 0x0000000087a00000, 0x0000000087b00000|  0%| F|  |TAMS 0x0000000087a00000, 0x0000000087a00000| Untracked 
|  85|0x0000000087b00000, 0x0000000087b00000, 0x0000000087c00000|  0%| F|  |TAMS 0x0000000087b00000, 0x0000000087b00000| Untracked 
|  86|0x0000000087c00000, 0x0000000087c00000, 0x0000000087d00000|  0%| F|  |TAMS 0x0000000087c00000, 0x0000000087c00000| Untracked 
|  87|0x0000000087d00000, 0x0000000087d00000, 0x0000000087e00000|  0%| F|  |TAMS 0x0000000087d00000, 0x0000000087d00000| Untracked 
|  88|0x0000000087e00000, 0x0000000087e00000, 0x0000000087f00000|  0%| F|  |TAMS 0x0000000087e00000, 0x0000000087e00000| Untracked 
|  89|0x0000000087f00000, 0x0000000087f00000, 0x0000000088000000|  0%| F|  |TAMS 0x0000000087f00000, 0x0000000087f00000| Untracked 
|  90|0x0000000088000000, 0x0000000088000000, 0x0000000088100000|  0%| F|  |TAMS 0x0000000088000000, 0x0000000088000000| Untracked 
|  91|0x0000000088100000, 0x0000000088180800, 0x0000000088200000| 50%| E|  |TAMS 0x0000000088100000, 0x0000000088100000| Complete 
|  92|0x0000000088200000, 0x0000000088300000, 0x0000000088300000|100%| E|CS|TAMS 0x0000000088200000, 0x0000000088200000| Complete 
|  93|0x0000000088300000, 0x0000000088400000, 0x0000000088400000|100%| E|CS|TAMS 0x0000000088300000, 0x0000000088300000| Complete 
|  94|0x0000000088400000, 0x0000000088500000, 0x0000000088500000|100%| E|CS|TAMS 0x0000000088400000, 0x0000000088400000| Complete 
|  95|0x0000000088500000, 0x0000000088600000, 0x0000000088600000|100%| E|CS|TAMS 0x0000000088500000, 0x0000000088500000| Complete 
|  96|0x0000000088600000, 0x0000000088700000, 0x0000000088700000|100%| E|CS|TAMS 0x0000000088600000, 0x0000000088600000| Complete 
|  97|0x0000000088700000, 0x0000000088800000, 0x0000000088800000|100%| E|CS|TAMS 0x0000000088700000, 0x0000000088700000| Complete 
|  98|0x0000000088800000, 0x0000000088900000, 0x0000000088900000|100%| E|CS|TAMS 0x0000000088800000, 0x0000000088800000| Complete 
|  99|0x0000000088900000, 0x0000000088a00000, 0x0000000088a00000|100%| S|CS|TAMS 0x0000000088900000, 0x0000000088900000| Complete 
| 100|0x0000000088a00000, 0x0000000088b00000, 0x0000000088b00000|100%| S|CS|TAMS 0x0000000088a00000, 0x0000000088a00000| Complete 
| 101|0x0000000088b00000, 0x0000000088c00000, 0x0000000088c00000|100%| S|CS|TAMS 0x0000000088b00000, 0x0000000088b00000| Complete 
| 102|0x0000000088c00000, 0x0000000088d00000, 0x0000000088d00000|100%| E|CS|TAMS 0x0000000088c00000, 0x0000000088c00000| Complete 
| 103|0x0000000088d00000, 0x0000000088e00000, 0x0000000088e00000|100%| E|CS|TAMS 0x0000000088d00000, 0x0000000088d00000| Complete 
| 104|0x0000000088e00000, 0x0000000088f00000, 0x0000000088f00000|100%| E|CS|TAMS 0x0000000088e00000, 0x0000000088e00000| Complete 
| 105|0x0000000088f00000, 0x0000000089000000, 0x0000000089000000|100%| E|CS|TAMS 0x0000000088f00000, 0x0000000088f00000| Complete 
| 106|0x0000000089000000, 0x0000000089100000, 0x0000000089100000|100%| E|CS|TAMS 0x0000000089000000, 0x0000000089000000| Complete 
| 107|0x0000000089100000, 0x0000000089200000, 0x0000000089200000|100%| E|CS|TAMS 0x0000000089100000, 0x0000000089100000| Complete 
| 108|0x0000000089200000, 0x0000000089300000, 0x0000000089300000|100%| E|CS|TAMS 0x0000000089200000, 0x0000000089200000| Complete 
| 109|0x0000000089300000, 0x0000000089400000, 0x0000000089400000|100%| E|CS|TAMS 0x0000000089300000, 0x0000000089300000| Complete 
| 110|0x0000000089400000, 0x0000000089500000, 0x0000000089500000|100%| E|CS|TAMS 0x0000000089400000, 0x0000000089400000| Complete 
| 111|0x0000000089500000, 0x0000000089600000, 0x0000000089600000|100%| E|CS|TAMS 0x0000000089500000, 0x0000000089500000| Complete 
| 112|0x0000000089600000, 0x0000000089700000, 0x0000000089700000|100%| E|CS|TAMS 0x0000000089600000, 0x0000000089600000| Complete 
| 113|0x0000000089700000, 0x0000000089800000, 0x0000000089800000|100%| E|CS|TAMS 0x0000000089700000, 0x0000000089700000| Complete 
| 114|0x0000000089800000, 0x0000000089900000, 0x0000000089900000|100%| E|CS|TAMS 0x0000000089800000, 0x0000000089800000| Complete 
| 115|0x0000000089900000, 0x0000000089a00000, 0x0000000089a00000|100%| E|CS|TAMS 0x0000000089900000, 0x0000000089900000| Complete 
| 116|0x0000000089a00000, 0x0000000089b00000, 0x0000000089b00000|100%| E|CS|TAMS 0x0000000089a00000, 0x0000000089a00000| Complete 
| 117|0x0000000089b00000, 0x0000000089c00000, 0x0000000089c00000|100%| E|CS|TAMS 0x0000000089b00000, 0x0000000089b00000| Complete 
| 118|0x0000000089c00000, 0x0000000089d00000, 0x0000000089d00000|100%| E|CS|TAMS 0x0000000089c00000, 0x0000000089c00000| Complete 
| 119|0x0000000089d00000, 0x0000000089e00000, 0x0000000089e00000|100%| E|CS|TAMS 0x0000000089d00000, 0x0000000089d00000| Complete 
| 120|0x0000000089e00000, 0x0000000089f00000, 0x0000000089f00000|100%| E|CS|TAMS 0x0000000089e00000, 0x0000000089e00000| Complete 
| 121|0x0000000089f00000, 0x000000008a000000, 0x000000008a000000|100%| E|CS|TAMS 0x0000000089f00000, 0x0000000089f00000| Complete 
| 122|0x000000008a000000, 0x000000008a100000, 0x000000008a100000|100%| E|CS|TAMS 0x000000008a000000, 0x000000008a000000| Complete 
| 123|0x000000008a100000, 0x000000008a200000, 0x000000008a200000|100%| E|CS|TAMS 0x000000008a100000, 0x000000008a100000| Complete 
| 124|0x000000008a200000, 0x000000008a300000, 0x000000008a300000|100%| E|CS|TAMS 0x000000008a200000, 0x000000008a200000| Complete 
| 125|0x000000008a300000, 0x000000008a400000, 0x000000008a400000|100%| E|CS|TAMS 0x000000008a300000, 0x000000008a300000| Complete 

Card table byte_map: [0x000001fa7e220000,0x000001fa7e610000] _byte_map_base: 0x000001fa7de0d000

Marking Bits (Prev, Next): (CMBitMap*) 0x000001fa73882108, (CMBitMap*) 0x000001fa73882140
 Prev Bits: [0x000001fa0f000000, 0x000001fa10f68000)
 Next Bits: [0x000001fa10f70000, 0x000001fa12ed8000)

Polling page: 0x000001fa73930000

Metaspace:

Usage:
  Non-class:     15.62 MB capacity,    15.34 MB ( 98%) used,   226.68 KB (  1%) free+waste,    56.63 KB ( <1%) overhead. 
      Class:      2.18 MB capacity,     1.98 MB ( 91%) used,   180.89 KB (  8%) free+waste,    28.19 KB (  1%) overhead. 
       Both:     17.81 MB capacity,    17.32 MB ( 97%) used,   407.57 KB (  2%) free+waste,    84.81 KB ( <1%) overhead. 

Virtual space:
  Non-class space:       16.00 MB reserved,      15.75 MB ( 98%) committed 
      Class space:        1.00 GB reserved,       2.25 MB ( <1%) committed 
             Both:        1.02 GB reserved,      18.00 MB (  2%) committed 

Chunk freelists:
   Non-Class:  512 bytes
       Class:  384 bytes
        Both:  896 bytes

CodeHeap 'non-profiled nmethods': size=120000Kb used=1053Kb max_used=1053Kb free=118947Kb
 bounds [0x000001fa07ad0000, 0x000001fa07d40000, 0x000001fa0f000000]
CodeHeap 'profiled nmethods': size=120000Kb used=5661Kb max_used=5661Kb free=114338Kb
 bounds [0x000001fa005a0000, 0x000001fa00b30000, 0x000001fa07ad0000]
CodeHeap 'non-nmethods': size=5760Kb used=1277Kb max_used=1318Kb free=4482Kb
 bounds [0x000001fa00000000, 0x000001fa00270000, 0x000001fa005a0000]
 total_blobs=3975 nmethods=2808 adapters=579
 compilation: enabled
              stopped_count=0, restarted_count=0
 full_count=0

Compilation events (10 events):
Event: 8.622 Thread 0x000001fa7f4f7800 nmethod 2799 0x000001fa07bd5e10 code [0x000001fa07bd5fa0, 0x000001fa07bd6078]
Event: 8.634 Thread 0x000001fa7f4f7800 2800       4       jdk.internal.reflect.DelegatingMethodAccessorImpl::invoke (10 bytes)
Event: 8.638 Thread 0x000001fa7f4f7800 nmethod 2800 0x000001fa07bd6190 code [0x000001fa07bd6380, 0x000001fa07bd6648]
Event: 8.649 Thread 0x000001fa7f4fa800 2801   !   3       java.nio.DirectByteBuffer::<init> (145 bytes)
Event: 8.651 Thread 0x000001fa7f4fa800 nmethod 2801 0x000001fa00b22210 code [0x000001fa00b22560, 0x000001fa00b23a20]
Event: 8.717 Thread 0x000001fa7f4f7800 2802       4       javafx.scene.Node::setScenes (75 bytes)
Event: 8.733 Thread 0x000001fa7f4fa800 2804       3       java.nio.DirectByteBuffer::asFloatBuffer (163 bytes)
Event: 8.733 Thread 0x000001fa7f4fa800 nmethod 2804 0x000001fa00b24290 code [0x000001fa00b244a0, 0x000001fa00b24ae0]
Event: 8.733 Thread 0x000001fa7f4fa800 2803   !   3       com.sun.scenario.effect.impl.BufferUtil::nativeOrder (108 bytes)
Event: 8.735 Thread 0x000001fa7f4fa800 nmethod 2803 0x000001fa00b24d10 code [0x000001fa00b25040, 0x000001fa00b26330]

GC Heap History (2 events):
Event: 0.977 GC heap before
{Heap before GC invocations=0 (full 0):
 garbage-first heap   total 129024K, used 24576K [0x0000000082600000, 0x0000000100000000)
  region size 1024K, 24 young (24576K), 0 survivors (0K)
 Metaspace       used 11754K, capacity 12096K, committed 12288K, reserved 1060864K
  class space    used 1367K, capacity 1512K, committed 1536K, reserved 1048576K
}
Event: 0.981 GC heap after
{Heap after GC invocations=1 (full 0):
 garbage-first heap   total 129024K, used 3357K [0x0000000082600000, 0x0000000100000000)
  region size 1024K, 3 young (3072K), 3 survivors (3072K)
 Metaspace       used 11754K, capacity 12096K, committed 12288K, reserved 1060864K
  class space    used 1367K, capacity 1512K, committed 1536K, reserved 1048576K
}

Deoptimization events (10 events):
Event: 1.125 Thread 0x000001fa15ade000 Uncommon trap: reason=unstable_fused_if action=reinterpret pc=0x000001fa07b23fd8 method=jdk.internal.org.objectweb.asm.Frame.execute(IILjdk/internal/org/objectweb/asm/ClassWriter;Ljdk/internal/org/objectweb/asm/Item;)V @ 1 c2
Event: 5.598 Thread 0x000001fa15ade000 Uncommon trap: reason=speculate_class_check action=maybe_recompile pc=0x000001fa07bb1254 method=javafx.beans.property.ObjectPropertyBase.markInvalid()V @ 13 c2
Event: 5.599 Thread 0x000001fa15ade000 Uncommon trap: reason=speculate_class_check action=maybe_recompile pc=0x000001fa07bb1254 method=javafx.beans.property.ObjectPropertyBase.markInvalid()V @ 13 c2
Event: 5.599 Thread 0x000001fa15ade000 Uncommon trap: reason=speculate_class_check action=maybe_recompile pc=0x000001fa07bb1254 method=javafx.beans.property.ObjectPropertyBase.markInvalid()V @ 13 c2
Event: 5.599 Thread 0x000001fa15ade000 Uncommon trap: reason=speculate_class_check action=maybe_recompile pc=0x000001fa07bb1254 method=javafx.beans.property.ObjectPropertyBase.markInvalid()V @ 13 c2
Event: 7.751 Thread 0x000001fa15d26800 Uncommon trap: reason=unstable_if action=reinterpret pc=0x000001fa07bb5e10 method=com.sun.javafx.font.CompositeStrike.getStrikeSlot(I)Lcom/sun/javafx/font/FontStrike; @ 8 c2
Event: 8.600 Thread 0x000001fa15ade000 Uncommon trap: reason=speculate_class_check action=maybe_recompile pc=0x000001fa07bcd960 method=javafx.scene.Node.invalidatedScenes(Ljavafx/scene/Scene;Ljavafx/scene/SubScene;)V @ 86 c2
Event: 8.600 Thread 0x000001fa15ade000 Uncommon trap: reason=speculate_class_check action=maybe_recompile pc=0x000001fa07bcd960 method=javafx.scene.Node.invalidatedScenes(Ljavafx/scene/Scene;Ljavafx/scene/SubScene;)V @ 86 c2
Event: 8.600 Thread 0x000001fa15ade000 Uncommon trap: reason=speculate_class_check action=maybe_recompile pc=0x000001fa07bcd960 method=javafx.scene.Node.invalidatedScenes(Ljavafx/scene/Scene;Ljavafx/scene/SubScene;)V @ 86 c2
Event: 8.600 Thread 0x000001fa15ade000 Uncommon trap: reason=speculate_class_check action=maybe_recompile pc=0x000001fa07bcd960 method=javafx.scene.Node.invalidatedScenes(Ljavafx/scene/Scene;Ljavafx/scene/SubScene;)V @ 86 c2

Classes redefined (0 events):
No events

Internal exceptions (10 events):
Event: 1.026 Thread 0x000001fa15ade000 Exception <a 'java/lang/NoSuchMethodError'{0x000000008a082b38}: java.lang.invoke.DelegatingMethodHandle$Holder.reinvoke_L(Ljava/lang/Object;IILjava/lang/Object;Ljava/lang/Object;Ljava/lang/Object;)Ljava/lang/Object;> (0x000000008a082b38) thrown at [t:/wor
Event: 1.027 Thread 0x000001fa15ade000 Exception <a 'java/lang/NoSuchMethodError'{0x000000008a086cc0}: java.lang.invoke.DirectMethodHandle$Holder.invokeStatic(Ljava/lang/Object;Ljava/lang/Object;Ljava/lang/Object;Ljava/lang/Object;I)Ljava/lang/Object;> (0x000000008a086cc0) thrown at [t:/worksp
Event: 1.047 Thread 0x000001fa15ade000 Exception <a 'java/lang/NoSuchMethodError'{0x0000000089fa3a50}: java.lang.invoke.Invokers$Holder.linkToTargetMethod(Ljava/lang/Object;ILjava/lang/Object;)Ljava/lang/Object;> (0x0000000089fa3a50) thrown at [t:/workspace/open/src/hotspot/share/interpreter/l
Event: 1.060 Thread 0x000001fa15ade000 Exception <a 'java/lang/NullPointerException'{0x0000000089e19e20}> (0x0000000089e19e20) thrown at [t:/workspace/open/src/hotspot/share/interpreter/linkResolver.cpp, line 1354]
Event: 1.060 Thread 0x000001fa15ade000 Exception <a 'java/lang/NullPointerException'{0x0000000089e19e20}> (0x0000000089e19e20) thrown at [t:/workspace/open/src/hotspot/share/prims/jvm.cpp, line 1300]
Event: 1.243 Thread 0x000001fa15ade000 Exception <a 'java/lang/NoSuchMethodError'{0x0000000089997d48}: java.lang.invoke.DirectMethodHandle$Holder.invokeStaticInit(Ljava/lang/Object;Ljava/lang/Object;Ljava/lang/Object;)J> (0x0000000089997d48) thrown at [t:/workspace/open/src/hotspot/share/inter
Event: 1.246 Thread 0x000001fa15ade000 Exception <a 'java/lang/NoSuchMethodError'{0x000000008988b848}: java.lang.invoke.DirectMethodHandle$Holder.invokeStatic(Ljava/lang/Object;Ljava/lang/Object;J)Ljava/lang/Object;> (0x000000008988b848) thrown at [t:/workspace/open/src/hotspot/share/interpret
Event: 1.246 Thread 0x000001fa15ade000 Exception <a 'java/lang/NoSuchMethodError'{0x00000000898919c0}: java.lang.invoke.Invokers$Holder.linkToTargetMethod(Ljava/lang/Object;JLjava/lang/Object;)Ljava/lang/Object;> (0x00000000898919c0) thrown at [t:/workspace/open/src/hotspot/share/interpreter/l
Event: 1.269 Thread 0x000001fa15d26800 Exception <a 'java/lang/NoSuchMethodError'{0x0000000089799b30}: java.lang.invoke.DirectMethodHandle$Holder.invokeStaticInit(Ljava/lang/Object;Ljava/lang/Object;)I> (0x0000000089799b30) thrown at [t:/workspace/open/src/hotspot/share/interpreter/linkResolve
Event: 1.328 Thread 0x000001fa15d26800 Exception <a 'java/lang/NoSuchMethodError'{0x0000000089519c60}: java.lang.invoke.DirectMethodHandle$Holder.invokeStaticInit(Ljava/lang/Object;I)Ljava/lang/Object;> (0x0000000089519c60) thrown at [t:/workspace/open/src/hotspot/share/interpreter/linkResolve

Events (10 events):
Event: 8.600 Thread 0x000001fa15ade000 DEOPT UNPACKING pc=0x000001fa00028f2f sp=0x000000798b2fb468 mode 2
Event: 8.600 Thread 0x000001fa15ade000 Uncommon trap: trap_request=0xffffff6e fr.pc=0x000001fa07bcd960 relative=0x0000000000004f20
Event: 8.600 Thread 0x000001fa15ade000 DEOPT PACKING pc=0x000001fa07bcd960 sp=0x000000798b2fb310
Event: 8.600 Thread 0x000001fa15ade000 DEOPT UNPACKING pc=0x000001fa00028f2f sp=0x000000798b2fb2a0 mode 2
Event: 8.600 Thread 0x000001fa15ade000 Uncommon trap: trap_request=0xffffff6e fr.pc=0x000001fa07bcd960 relative=0x0000000000004f20
Event: 8.600 Thread 0x000001fa15ade000 DEOPT PACKING pc=0x000001fa07bcd960 sp=0x000000798b2fb310
Event: 8.600 Thread 0x000001fa15ade000 DEOPT UNPACKING pc=0x000001fa00028f2f sp=0x000000798b2fb2a0 mode 2
Event: 8.600 Thread 0x000001fa15ade000 Uncommon trap: trap_request=0xffffff6e fr.pc=0x000001fa07bcd960 relative=0x0000000000004f20
Event: 8.600 Thread 0x000001fa15ade000 DEOPT PACKING pc=0x000001fa07bcd960 sp=0x000000798b2fb310
Event: 8.600 Thread 0x000001fa15ade000 DEOPT UNPACKING pc=0x000001fa00028f2f sp=0x000000798b2fb2a0 mode 2


Dynamic libraries:
0x00007ff78f1c0000 - 0x00007ff78f207000 	C:\Program Files\Java\jdk-11.0.6\bin\java.exe
0x00007ffca4950000 - 0x00007ffca4b46000 	C:\WINDOWS\SYSTEM32\ntdll.dll
0x00007ffca3810000 - 0x00007ffca38cd000 	C:\WINDOWS\System32\KERNEL32.DLL
0x00007ffca22c0000 - 0x00007ffca2589000 	C:\WINDOWS\System32\KERNELBASE.dll
0x00007ffca34a0000 - 0x00007ffca354c000 	C:\WINDOWS\System32\ADVAPI32.dll
0x00007ffca4810000 - 0x00007ffca48ae000 	C:\WINDOWS\System32\msvcrt.dll
0x00007ffca3d00000 - 0x00007ffca3d9c000 	C:\WINDOWS\System32\sechost.dll
0x00007ffca29b0000 - 0x00007ffca2adb000 	C:\WINDOWS\System32\RPCRT4.dll
0x00007ffca4500000 - 0x00007ffca46a0000 	C:\WINDOWS\System32\USER32.dll
0x00007ffca2930000 - 0x00007ffca2952000 	C:\WINDOWS\System32\win32u.dll
0x00007ffca3260000 - 0x00007ffca328a000 	C:\WINDOWS\System32\GDI32.dll
0x00007ffca2690000 - 0x00007ffca2799000 	C:\WINDOWS\System32\gdi32full.dll
0x00007ffca2090000 - 0x00007ffca212d000 	C:\WINDOWS\System32\msvcp_win.dll
0x00007ffca2590000 - 0x00007ffca2690000 	C:\WINDOWS\System32\ucrtbase.dll
0x00007ffc87dc0000 - 0x00007ffc8805b000 	C:\WINDOWS\WinSxS\amd64_microsoft.windows.common-controls_6595b64144ccf1df_6.0.19041.488_none_ca04af081b815d21\COMCTL32.dll
0x00007ffc9b020000 - 0x00007ffc9b02a000 	C:\WINDOWS\SYSTEM32\VERSION.dll
0x00007ffca37e0000 - 0x00007ffca3810000 	C:\WINDOWS\System32\IMM32.DLL
0x00007ffc9aac0000 - 0x00007ffc9aad6000 	C:\Program Files\Java\jdk-11.0.6\bin\vcruntime140.dll
0x00007ffc6a780000 - 0x00007ffc6a82a000 	C:\Program Files\Java\jdk-11.0.6\bin\msvcp140.dll
0x00007ffc362f0000 - 0x00007ffc36e19000 	C:\Program Files\Java\jdk-11.0.6\bin\server\jvm.dll
0x00007ffca3160000 - 0x00007ffca3168000 	C:\WINDOWS\System32\PSAPI.DLL
0x00007ffc85e60000 - 0x00007ffc85e69000 	C:\WINDOWS\SYSTEM32\WSOCK32.dll
0x00007ffc94220000 - 0x00007ffc94247000 	C:\WINDOWS\SYSTEM32\WINMM.dll
0x00007ffca3c90000 - 0x00007ffca3cfb000 	C:\WINDOWS\System32\WS2_32.dll
0x00007ffc9ffc0000 - 0x00007ffc9ffd2000 	C:\WINDOWS\SYSTEM32\kernel.appcore.dll
0x00007ffc81bc0000 - 0x00007ffc81bd1000 	C:\Program Files\Java\jdk-11.0.6\bin\verify.dll
0x00007ffc91460000 - 0x00007ffc91644000 	C:\WINDOWS\SYSTEM32\DBGHELP.DLL
0x00007ffc91250000 - 0x00007ffc9127c000 	C:\WINDOWS\SYSTEM32\dbgcore.DLL
0x00007ffca27a0000 - 0x00007ffca2820000 	C:\WINDOWS\System32\bcryptPrimitives.dll
0x00007ffc7ef90000 - 0x00007ffc7efb9000 	C:\Program Files\Java\jdk-11.0.6\bin\java.dll
0x00007ffc7ca20000 - 0x00007ffc7ca36000 	C:\Program Files\Java\jdk-11.0.6\bin\zip.dll
0x00007ffc9dba0000 - 0x00007ffc9dbaa000 	C:\Program Files\Java\jdk-11.0.6\bin\jimage.dll
0x00007ffca3db0000 - 0x00007ffca44f2000 	C:\WINDOWS\System32\SHELL32.dll
0x00007ffca01c0000 - 0x00007ffca0955000 	C:\WINDOWS\SYSTEM32\windows.storage.dll
0x00007ffca38d0000 - 0x00007ffca3c26000 	C:\WINDOWS\System32\combase.dll
0x00007ffca1b00000 - 0x00007ffca1b2c000 	C:\WINDOWS\SYSTEM32\Wldp.dll
0x00007ffca3560000 - 0x00007ffca360e000 	C:\WINDOWS\System32\SHCORE.dll
0x00007ffca48b0000 - 0x00007ffca4905000 	C:\WINDOWS\System32\shlwapi.dll
0x00007ffca1fc0000 - 0x00007ffca1fe6000 	C:\WINDOWS\SYSTEM32\profapi.dll
0x00007ffc7a980000 - 0x00007ffc7a999000 	C:\Program Files\Java\jdk-11.0.6\bin\net.dll
0x00007ffc94580000 - 0x00007ffc94680000 	C:\WINDOWS\SYSTEM32\WINHTTP.dll
0x00007ffca1810000 - 0x00007ffca187a000 	C:\WINDOWS\system32\mswsock.dll
0x00007ffc71a10000 - 0x00007ffc71a23000 	C:\Program Files\Java\jdk-11.0.6\bin\nio.dll
0x000001fa7fe40000 - 0x000001fa7fe43000 	C:\Games\javafx-sdk-15.0.1\bin\api-ms-win-core-console-l1-1-0.dll
0x000001fa7fe50000 - 0x000001fa7fe53000 	C:\Games\javafx-sdk-15.0.1\bin\api-ms-win-core-console-l1-2-0.dll
0x000001fa7fe60000 - 0x000001fa7fe63000 	C:\Games\javafx-sdk-15.0.1\bin\api-ms-win-core-datetime-l1-1-0.dll
0x000001fa7fe70000 - 0x000001fa7fe73000 	C:\Games\javafx-sdk-15.0.1\bin\api-ms-win-core-debug-l1-1-0.dll
0x000001fa7fe80000 - 0x000001fa7fe83000 	C:\Games\javafx-sdk-15.0.1\bin\api-ms-win-core-errorhandling-l1-1-0.dll
0x000001fa7fe90000 - 0x000001fa7fe94000 	C:\Games\javafx-sdk-15.0.1\bin\api-ms-win-core-file-l1-1-0.dll
0x000001fa7fea0000 - 0x000001fa7fea3000 	C:\Games\javafx-sdk-15.0.1\bin\api-ms-win-core-file-l1-2-0.dll
0x000001fa7feb0000 - 0x000001fa7feb3000 	C:\Games\javafx-sdk-15.0.1\bin\api-ms-win-core-file-l2-1-0.dll
0x000001fa7fec0000 - 0x000001fa7fec3000 	C:\Games\javafx-sdk-15.0.1\bin\api-ms-win-core-handle-l1-1-0.dll
0x000001fa7fed0000 - 0x000001fa7fed3000 	C:\Games\javafx-sdk-15.0.1\bin\api-ms-win-core-heap-l1-1-0.dll
0x000001fa7fee0000 - 0x000001fa7fee3000 	C:\Games\javafx-sdk-15.0.1\bin\api-ms-win-core-interlocked-l1-1-0.dll
0x000001fa7fef0000 - 0x000001fa7fef3000 	C:\Games\javafx-sdk-15.0.1\bin\api-ms-win-core-libraryloader-l1-1-0.dll
0x000001fa7ff00000 - 0x000001fa7ff03000 	C:\Games\javafx-sdk-15.0.1\bin\api-ms-win-core-localization-l1-2-0.dll
0x000001fa7ff10000 - 0x000001fa7ff13000 	C:\Games\javafx-sdk-15.0.1\bin\api-ms-win-core-memory-l1-1-0.dll
0x000001fa7ff20000 - 0x000001fa7ff23000 	C:\Games\javafx-sdk-15.0.1\bin\api-ms-win-core-namedpipe-l1-1-0.dll
0x000001fa7ff30000 - 0x000001fa7ff33000 	C:\Games\javafx-sdk-15.0.1\bin\api-ms-win-core-processenvironment-l1-1-0.dll
0x000001fa7ff40000 - 0x000001fa7ff43000 	C:\Games\javafx-sdk-15.0.1\bin\api-ms-win-core-processthreads-l1-1-0.dll
0x000001fa7ff50000 - 0x000001fa7ff53000 	C:\Games\javafx-sdk-15.0.1\bin\api-ms-win-core-processthreads-l1-1-1.dll
0x000001fa7ff60000 - 0x000001fa7ff63000 	C:\Games\javafx-sdk-15.0.1\bin\api-ms-win-core-profile-l1-1-0.dll
0x000001fa7ff70000 - 0x000001fa7ff73000 	C:\Games\javafx-sdk-15.0.1\bin\api-ms-win-core-rtlsupport-l1-1-0.dll
0x000001fa7ff80000 - 0x000001fa7ff83000 	C:\Games\javafx-sdk-15.0.1\bin\api-ms-win-core-string-l1-1-0.dll
0x000001fa7ff90000 - 0x000001fa7ff93000 	C:\Games\javafx-sdk-15.0.1\bin\api-ms-win-core-synch-l1-1-0.dll
0x000001fa7ffa0000 - 0x000001fa7ffa3000 	C:\Games\javafx-sdk-15.0.1\bin\api-ms-win-core-synch-l1-2-0.dll
0x000001fa7ffb0000 - 0x000001fa7ffb3000 	C:\Games\javafx-sdk-15.0.1\bin\api-ms-win-core-sysinfo-l1-1-0.dll
0x000001fa16ab0000 - 0x000001fa16ab3000 	C:\Games\javafx-sdk-15.0.1\bin\api-ms-win-core-timezone-l1-1-0.dll
0x000001fa16ac0000 - 0x000001fa16ac3000 	C:\Games\javafx-sdk-15.0.1\bin\api-ms-win-core-util-l1-1-0.dll
0x000001fa16ad0000 - 0x000001fa16ad3000 	C:\Games\javafx-sdk-15.0.1\bin\api-ms-win-crt-conio-l1-1-0.dll
0x000001fa16ae0000 - 0x000001fa16ae4000 	C:\Games\javafx-sdk-15.0.1\bin\api-ms-win-crt-convert-l1-1-0.dll
0x000001fa16af0000 - 0x000001fa16af3000 	C:\Games\javafx-sdk-15.0.1\bin\api-ms-win-crt-environment-l1-1-0.dll
0x000001fa16b00000 - 0x000001fa16b03000 	C:\Games\javafx-sdk-15.0.1\bin\api-ms-win-crt-filesystem-l1-1-0.dll
0x000001fa16b10000 - 0x000001fa16b13000 	C:\Games\javafx-sdk-15.0.1\bin\api-ms-win-crt-heap-l1-1-0.dll
0x000001fa16b20000 - 0x000001fa16b23000 	C:\Games\javafx-sdk-15.0.1\bin\api-ms-win-crt-locale-l1-1-0.dll
0x000001fa16b30000 - 0x000001fa16b35000 	C:\Games\javafx-sdk-15.0.1\bin\api-ms-win-crt-math-l1-1-0.dll
0x000001fa16b40000 - 0x000001fa16b45000 	C:\Games\javafx-sdk-15.0.1\bin\api-ms-win-crt-multibyte-l1-1-0.dll
0x000001fa16b50000 - 0x000001fa16b60000 	C:\Games\javafx-sdk-15.0.1\bin\api-ms-win-crt-private-l1-1-0.dll
0x000001fa16b60000 - 0x000001fa16b63000 	C:\Games\javafx-sdk-15.0.1\bin\api-ms-win-crt-process-l1-1-0.dll
0x000001fa16b70000 - 0x000001fa16b74000 	C:\Games\javafx-sdk-15.0.1\bin\api-ms-win-crt-runtime-l1-1-0.dll
0x000001fa16b80000 - 0x000001fa16b84000 	C:\Games\javafx-sdk-15.0.1\bin\api-ms-win-crt-stdio-l1-1-0.dll
0x000001fa16b90000 - 0x000001fa16b94000 	C:\Games\javafx-sdk-15.0.1\bin\api-ms-win-crt-string-l1-1-0.dll
0x000001fa16ba0000 - 0x000001fa16ba3000 	C:\Games\javafx-sdk-15.0.1\bin\api-ms-win-crt-time-l1-1-0.dll
0x000001fa16bb0000 - 0x000001fa16bb3000 	C:\Games\javafx-sdk-15.0.1\bin\api-ms-win-crt-utility-l1-1-0.dll
0x00007ffc68290000 - 0x00007ffc6838c000 	C:\Games\javafx-sdk-15.0.1\bin\ucrtbase.dll
0x00007ffc719d0000 - 0x00007ffc719e5000 	C:\Games\javafx-sdk-15.0.1\bin\vcruntime140.dll
0x00007ffc89fa0000 - 0x00007ffc89fac000 	C:\Windows\System32\vcruntime140_1.dll
0x00007ffc68180000 - 0x00007ffc6821b000 	C:\Games\javafx-sdk-15.0.1\bin\msvcp140.dll
0x00007ffc71970000 - 0x00007ffc71993000 	C:\Games\javafx-sdk-15.0.1\bin\prism_d3d.dll
0x00007ffc70cb0000 - 0x00007ffc70e7f000 	C:\WINDOWS\system32\d3d9.dll
0x00007ffc9fde0000 - 0x00007ffc9fe0f000 	C:\WINDOWS\SYSTEM32\dwmapi.dll
0x00007ffc9fb00000 - 0x00007ffc9fb9e000 	C:\WINDOWS\system32\uxtheme.dll
0x00007ffc47450000 - 0x00007ffc4a535000 	C:\WINDOWS\System32\DriverStore\FileRepository\igdlh64.inf_amd64_b5d4c82c67b39358\igd9dxva64.dll
0x00007ffca3370000 - 0x00007ffca349a000 	C:\WINDOWS\System32\ole32.dll
0x00007ffca3190000 - 0x00007ffca325d000 	C:\WINDOWS\System32\OLEAUT32.dll
0x00007ffca1c80000 - 0x00007ffca1c92000 	C:\WINDOWS\SYSTEM32\msasn1.dll
0x00007ffc9aee0000 - 0x00007ffc9af11000 	C:\WINDOWS\SYSTEM32\cryptnet.dll
0x00007ffca2130000 - 0x00007ffca228d000 	C:\WINDOWS\System32\CRYPT32.dll
0x00007ffca1a00000 - 0x00007ffca1a0c000 	C:\WINDOWS\SYSTEM32\cryptbase.dll
0x00007ffca28d0000 - 0x00007ffca2930000 	C:\WINDOWS\System32\WINTRUST.DLL
0x00007ffca3170000 - 0x00007ffca318d000 	C:\WINDOWS\System32\imagehlp.dll
0x00007ffca19e0000 - 0x00007ffca19f8000 	C:\WINDOWS\SYSTEM32\CRYPTSP.dll
0x00007ffca1140000 - 0x00007ffca1174000 	C:\WINDOWS\system32\rsaenh.dll
0x00007ffca2290000 - 0x00007ffca22b7000 	C:\WINDOWS\System32\bcrypt.dll
0x00007ffc6b080000 - 0x00007ffc6b0c5000 	C:\Games\javafx-sdk-15.0.1\bin\glass.dll
0x00007ffca3290000 - 0x00007ffca336b000 	C:\WINDOWS\System32\COMDLG32.dll
0x00007ffca3610000 - 0x00007ffca3726000 	C:\WINDOWS\System32\MSCTF.dll
0x00007ffc5efc0000 - 0x00007ffc5f0c5000 	C:\WINDOWS\System32\DriverStore\FileRepository\nvaci.inf_amd64_43d2ede2df31e0d6\nvldumdx.dll
0x00007ffc45800000 - 0x00007ffc47447000 	C:\WINDOWS\System32\DriverStore\FileRepository\nvaci.inf_amd64_43d2ede2df31e0d6\nvd3dumx.dll
0x00007ffc4ea90000 - 0x00007ffc4ed49000 	C:\WINDOWS\system32\nvspcap64.dll
0x00007ffca0db0000 - 0x00007ffca0de3000 	C:\WINDOWS\SYSTEM32\ntmarta.dll
0x00007ffca0970000 - 0x00007ffca0993000 	C:\WINDOWS\SYSTEM32\gpapi.dll
0x00007ffc99a90000 - 0x00007ffc99acb000 	C:\WINDOWS\SYSTEM32\dxcore.dll
0x00007ffca2960000 - 0x00007ffca29ae000 	C:\WINDOWS\System32\cfgmgr32.dll
0x00007ffc54580000 - 0x00007ffc54763000 	C:\WINDOWS\System32\DriverStore\FileRepository\igdlh64.inf_amd64_b5d4c82c67b39358\igdumdim64.dll
0x00007ffc95570000 - 0x00007ffc97310000 	C:\WINDOWS\System32\DriverStore\FileRepository\igdlh64.inf_amd64_b5d4c82c67b39358\igc64.dll
0x00007ffc700e0000 - 0x00007ffc700f4000 	C:\Games\javafx-sdk-15.0.1\bin\javafx_font.dll
0x00007ffc74070000 - 0x00007ffc742ef000 	C:\WINDOWS\SYSTEM32\dwrite.dll
0x00007ffca3730000 - 0x00007ffca37d9000 	C:\WINDOWS\System32\clbcatq.dll
0x00007ffc9b910000 - 0x00007ffc9bac4000 	C:\WINDOWS\SYSTEM32\WindowsCodecs.dll
0x00007ffc66890000 - 0x00007ffc668ce000 	C:\WINDOWS\system32\dataexchange.dll
0x00007ffc9de10000 - 0x00007ffc9e074000 	C:\WINDOWS\system32\d3d11.dll
0x00007ffc9ed40000 - 0x00007ffc9ef27000 	C:\WINDOWS\system32\dcomp.dll
0x00007ffca09c0000 - 0x00007ffca0ab3000 	C:\WINDOWS\system32\dxgi.dll
0x00007ffc9be70000 - 0x00007ffc9c078000 	C:\WINDOWS\system32\twinapi.appcore.dll
0x00007ffc6b6c0000 - 0x00007ffc6b6f4000 	C:\Program Files\Common Files\Microsoft Shared\Ink\rtscom.dll
0x00007ffc8a7f0000 - 0x00007ffc8a8ed000 	C:\WINDOWS\SYSTEM32\textinputframework.dll
0x00007ffc9f2b0000 - 0x00007ffc9f60e000 	C:\WINDOWS\System32\CoreUIComponents.dll

dbghelp: loaded successfully - version: 4.0.5 - missing functions: none
symbol engine: initialized successfully - sym options: 0x614 - pdb path: .;C:\Program Files\Java\jdk-11.0.6\bin;C:\WINDOWS\SYSTEM32;C:\WINDOWS\WinSxS\amd64_microsoft.windows.common-controls_6595b64144ccf1df_6.0.19041.488_none_ca04af081b815d21;C:\Program Files\Java\jdk-11.0.6\bin\server;C:\Games\javafx-sdk-15.0.1\bin;C:\WINDOWS\System32\DriverStore\FileRepository\igdlh64.inf_amd64_b5d4c82c67b39358;C:\WINDOWS\System32\DriverStore\FileRepository\nvaci.inf_amd64_43d2ede2df31e0d6;C:\Program Files\Common Files\Microsoft Shared\Ink

VM Arguments:
jvm_args: --module-path=C:\Games\javafx-sdk-15.0.1\lib --add-modules=javafx.controls,javafx.media 
java_command: alpha.Main
java_class_path (initial): C:\Users\Oleg\eclipse-workspace\PacSquare\beans
Launcher Type: SUN_STANDARD

[Global flags]
     intx CICompilerCount                          = 4                                         {product} {ergonomic}
     uint ConcGCThreads                            = 2                                         {product} {ergonomic}
     uint G1ConcRefinementThreads                  = 8                                         {product} {ergonomic}
   size_t G1HeapRegionSize                         = 1048576                                   {product} {ergonomic}
    uintx GCDrainStackTargetSize                   = 64                                        {product} {ergonomic}
   size_t InitialHeapSize                          = 132120576                                 {product} {ergonomic}
   size_t MarkStackSize                            = 4194304                                   {product} {ergonomic}
   size_t MaxHeapSize                              = 2107637760                                {product} {ergonomic}
   size_t MaxNewSize                               = 1264582656                                {product} {ergonomic}
   size_t MinHeapDeltaBytes                        = 1048576                                   {product} {ergonomic}
    uintx NonNMethodCodeHeapSize                   = 5836300                                {pd product} {ergonomic}
    uintx NonProfiledCodeHeapSize                  = 122910970                              {pd product} {ergonomic}
    uintx ProfiledCodeHeapSize                     = 122910970                              {pd product} {ergonomic}
    uintx ReservedCodeCacheSize                    = 251658240                              {pd product} {ergonomic}
     bool SegmentedCodeCache                       = true                                      {product} {ergonomic}
     bool UseCompressedClassPointers               = true                                 {lp64_product} {ergonomic}
     bool UseCompressedOops                        = true                                 {lp64_product} {ergonomic}
     bool UseG1GC                                  = true                                      {product} {ergonomic}
     bool UseLargePagesIndividualAllocation        = false                                  {pd product} {ergonomic}

Logging:
Log output configuration:
 #0: stdout all=warning uptime,level,tags
 #1: stderr all=off uptime,level,tags

Environment Variables:
JAVA_HOME=C:\Program Files\AdoptOpenJDK\jdk-11.0.8.10-hotspot\
PATH=C:/Program Files/AdoptOpenJDK/jdk-11.0.8.10-hotspot/bin/client;C:/Program Files/AdoptOpenJDK/jdk-11.0.8.10-hotspot/bin;D:\Oculus\Support\oculus-runtime;C:\Python39\Scripts\;C:\Python39\;C:\Program Files\AdoptOpenJDK\jdk-11.0.8.10-hotspot\bin;C:\Program Files\AdoptOpenJDK\jdk-8.0.265.01-hotspot\bin;C:\Program Files (x86)\Common Files\Oracle\Java\javapath;C:\Program Files (x86)\Intel\Intel(R) Management Engine Components\iCLS\;C:\Program Files\Intel\Intel(R) Management Engine Components\iCLS\;C:\Windows\system32;C:\Windows;C:\Windows\System32\Wbem;C:\Windows\System32\WindowsPowerShell\v1.0\;C:\Program Files (x86)\Intel\Intel(R) Management Engine Components\DAL;C:\Program Files\Intel\Intel(R) Management Engine Components\DAL;C:\Program Files (x86)\Intel\Intel(R) Management Engine Components\IPT;C:\Program Files\Intel\Intel(R) Management Engine Components\IPT;C:\Program Files (x86)\NVIDIA Corporation\PhysX\Common;C:\Windows\System32\OpenSSH\;C:\Program Files\Intel\WiFi\bin\;C:\Program Files\Common Files\Intel\WirelessCommon\;C:\Program Files\Java\jdk-11.0.6\bin;C:\Program Files\PuTTY\;C:\Program Files\NVIDIA Corporation\NVIDIA NvDLISR;C:\WINDOWS\system32;C:\WINDOWS;C:\WINDOWS\System32\Wbem;C:\WINDOWS\System32\WindowsPowerShell\v1.0\;C:\WINDOWS\System32\OpenSSH\;C:\Program Files (x86)\Calibre2\;C:\Program Files\nodejs\;C:\ProgramData\chocolatey\bin;C:\Program Files\Git\cmd;C:\Program Files (x86)\Yarn\bin\;C:\Users\Oleg\AppData\Local\python2\scripts;C:\Users\Oleg\AppData\Local\python2;C:\Users\Oleg\AppData\Local\python2\scripts;C:\Users\Oleg\AppData\Local\python2;C:\Users\Oleg\AppData\Local\python2\scripts;C:\Users\Oleg\AppData\Local\python2;C:\Ruby27-x64\bin;C:\Users\Oleg\AppData\Local\Microsoft\WindowsApps;C:\Program Files\Intel\WiFi\bin\;C:\Program Files\Common Files\Intel\WirelessCommon\;C:\Program Files\Java\jdk-11.0.6\bin;C:\Users\Oleg\AppData\Local\Programs\Microsoft VS Code\bin;C:\Users\Oleg\AppData\Roaming\npm;C:\Users\Oleg\AppData\Local\Android\Sdk;C:\Users\Ol
USERNAME=Oleg
OS=Windows_NT
PROCESSOR_IDENTIFIER=Intel64 Family 6 Model 158 Stepping 10, GenuineIntel



---------------  S Y S T E M  ---------------

OS: Windows 10 , 64 bit Build 19041 (10.0.19041.662)

CPU:total 8 (initial active 8) (4 cores per cpu, 2 threads per core) family 6 model 158 stepping 10, cmov, cx8, fxsr, mmx, sse, sse2, sse3, ssse3, sse4.1, sse4.2, popcnt, avx, avx2, aes, clmul, erms, 3dnowpref, lzcnt, ht, tsc, tscinvbit, bmi1, bmi2, adx, fma

Memory: 4k page, system-wide physical 8034M (2345M free)
TotalPageFile size 18274M (AvailPageFile size 9622M)
current process WorkingSet (physical memory assigned to process): 149M, peak: 150M
current process commit charge ("private bytes"): 372M, peak: 376M

vm_info: Java HotSpot(TM) 64-Bit Server VM (11.0.6+8-LTS) for windows-amd64 JRE (11.0.6+8-LTS), built on Dec 11 2019 09:17:57 by "mach5one" with MS VC++ 15.5 (VS2017)

END.
